Activities-and-Intent-task/app/build/intermediates/manifest_merge_blame_file/debug/manifest-merger-blame-debug-report.txt
1<?xml version="1.0" encoding="utf-8"?>
2<manifest xmlns:android="http://schemas.android.com/apk/res/android"
3    package="com.example.twoactivities"
4    android:versionCode="1"
5    android:versionName="1.0" >
6
7    <uses-sdk
8        android:minSdkVersion="16"
8-->src/main/AndroidManifest.xml
9        android:targetSdkVersion="31" />
9-->src/main/AndroidManifest.xml
10
11    <application
11-->src/main/AndroidManifest.xml:5:5-28:19
12        android:allowBackup="true"
12-->src/main/AndroidManifest.xml:6:9-35
13        android:appComponentFactory="androidx.core.app.CoreComponentFactory"
13-->[androidx.core:core:1.7.0] AndroidManifest.xml:24:18-86
14        android:debuggable="true"
15        android:icon="@mipmap/ic_launcher"
15-->src/main/AndroidManifest.xml:7:9-43
16        android:label="@string/app_name"
16-->src/main/AndroidManifest.xml:8:9-41
17        android:roundIcon="@mipmap/ic_launcher_round"
17-->src/main/AndroidManifest.xml:9:9-54
18        android:supportsRtl="true"
18-->src/main/AndroidManifest.xml:10:9-35
19        android:testOnly="true"
20        android:theme="@style/Theme.TwoActivities" >
20-->src/main/AndroidManifest.xml:11:9-51
21        <activity
21-->src/main/AndroidManifest.xml:12:9-19:20
22            android:name="com.example.twoactivities.SecondActivity"
22-->src/main/AndroidManifest.xml:12:19-49
23            android:label="Second Activity"
23-->src/main/AndroidManifest.xml:13:13-46
24            android:parentActivityName="com.example.twoactivities.MainActivity" >
24-->src/main/AndroidManifest.xml:14:13-55
25            <meta-data
25-->src/main/AndroidManifest.xml:15:13-18:39
26                android:name="android.support.PARENT_ACTIVITY"
26-->src/main/AndroidManifest.xml:16:17-63
27                android:value=".MainActivity" />
27-->src/main/AndroidManifest.xml:17:17-67
28        </activity>
29        <activity
29-->src/main/AndroidManifest.xml:20:9-27:20
30            android:name="com.example.twoactivities.MainActivity"
30-->src/main/AndroidManifest.xml:20:19-47
31            android:exported="true" >
31-->src/main/AndroidManifest.xml:21:13-36
32            <intent-filter>
32-->src/main/AndroidManifest.xml:22:13-26:29
33                <action android:name="android.intent.action.MAIN" />
33-->src/main/AndroidManifest.xml:23:17-69
33-->src/main/AndroidManifest.xml:23:25-66
34
35                <category android:name="android.intent.category.LAUNCHER" />
35-->src/main/AndroidManifest.xml:25:17-77
35-->src/main/AndroidManifest.xml:25:27-74
36            </intent-filter>
37        </activity>
38
39        <provider
39-->[androidx.emoji2:emoji2:1.0.0] AndroidManifest.xml:26:9-34:20
40            android:name="androidx.startup.InitializationProvider"
40-->[androidx.emoji2:emoji2:1.0.0] AndroidManifest.xml:27:13-67
41            android:authorities="com.example.twoactivities.androidx-startup"
41-->[androidx.emoji2:emoji2:1.0.0] AndroidManifest.xml:28:13-68
42            android:exported="false" >
42-->[androidx.emoji2:emoji2:1.0.0] AndroidManifest.xml:29:13-37
43            <meta-data
43-->[androidx.emoji2:emoji2:1.0.0] AndroidManifest.xml:31:13-33:52
44                android:name="androidx.emoji2.text.EmojiCompatInitializer"
44-->[androidx.emoji2:emoji2:1.0.0] AndroidManifest.xml:32:17-75
45                android:value="androidx.startup" />
45-->[androidx.emoji2:emoji2:1.0.0] AndroidManifest.xml:33:17-49
46            <meta-data
46-->[androidx.lifecycle:lifecycle-process:2.4.0] AndroidManifest.xml:31:13-33:52
47                android:name="androidx.lifecycle.ProcessLifecycleInitializer"
47-->[androidx.lifecycle:lifecycle-process:2.4.0] AndroidManifest.xml:32:17-78
48                android:value="androidx.startup" />
48-->[androidx.lifecycle:lifecycle-process:2.4.0] AndroidManifest.xml:33:17-49
49        </provider>
50    </application>
51
52</manifest>